<?xml version="1.0" encoding="UTF-8"?>
<!-- Generated by org.testng.reporters.JUnitXMLReporter -->
<testsuite hostname="DESKTOP-3NQPI56" name="Search and add product to cart" tests="4" failures="0" timestamp="28 Apr 2020 06:07:56 GMT" time="11.41" errors="0">
  <testcase name="@BeforeClass beforeMethod" time="0.0" classname="com.myshopify.tests.TC001_SearchAndAddProductOnCart">
    <failure type="org.openqa.selenium.SessionNotCreatedException" message="session not created exception
from chrome not reachable
  (Session info: chrome=81.0.4044.122)
  (Driver info: chromedriver=2.40.565498 (ea082db3280dd6843ebfb08a625e3eb905c4f5ab),platform=Windows NT 10.0.17134 x86_64) (WARNING: The server did not provide any stacktrace information)
Command duration or timeout: 8.88 seconds
Build info: version: &amp;apos;3.141.59&amp;apos;, revision: &amp;apos;e82be7d358&amp;apos;, time: &amp;apos;2018-11-14T08:17:03&amp;apos;
System info: host: &amp;apos;DESKTOP-3NQPI56&amp;apos;, ip: &amp;apos;192.168.1.5&amp;apos;, os.name: &amp;apos;Windows 10&amp;apos;, os.arch: &amp;apos;amd64&amp;apos;, os.version: &amp;apos;10.0&amp;apos;, java.version: &amp;apos;1.8.0_161&amp;apos;
Driver info: driver.version: ChromeDriver">
      <![CDATA[org.openqa.selenium.SessionNotCreatedException: session not created exception
from chrome not reachable
  (Session info: chrome=81.0.4044.122)
  (Driver info: chromedriver=2.40.565498 (ea082db3280dd6843ebfb08a625e3eb905c4f5ab),platform=Windows NT 10.0.17134 x86_64) (WARNING: The server did not provide any stacktrace information)
Command duration or timeout: 8.88 seconds
Build info: version: '3.141.59', revision: 'e82be7d358', time: '2018-11-14T08:17:03'
System info: host: 'DESKTOP-3NQPI56', ip: '192.168.1.5', os.name: 'Windows 10', os.arch: 'amd64', os.version: '10.0', java.version: '1.8.0_161'
Driver info: driver.version: ChromeDriver
	at org.openqa.selenium.remote.ErrorHandler.createThrowable(ErrorHandler.java:214)
	at org.openqa.selenium.remote.ErrorHandler.throwIfResponseFailed(ErrorHandler.java:166)
	at org.openqa.selenium.remote.JsonWireProtocolResponse.lambda$errorHandler$0(JsonWireProtocolResponse.java:54)
	at org.openqa.selenium.remote.HandshakeResponse.lambda$getResponseFunction$0(HandshakeResponse.java:30)
	at org.openqa.selenium.remote.ProtocolHandshake.lambda$createSession$0(ProtocolHandshake.java:126)
	at java.util.stream.ReferencePipeline$3$1.accept(Unknown Source)
	at java.util.Spliterators$ArraySpliterator.tryAdvance(Unknown Source)
	at java.util.stream.ReferencePipeline.forEachWithCancel(Unknown Source)
	at java.util.stream.AbstractPipeline.copyIntoWithCancel(Unknown Source)
	at java.util.stream.AbstractPipeline.copyInto(Unknown Source)
	at java.util.stream.AbstractPipeline.wrapAndCopyInto(Unknown Source)
	at java.util.stream.FindOps$FindOp.evaluateSequential(Unknown Source)
	at java.util.stream.AbstractPipeline.evaluate(Unknown Source)
	at java.util.stream.ReferencePipeline.findFirst(Unknown Source)
	at org.openqa.selenium.remote.ProtocolHandshake.createSession(ProtocolHandshake.java:128)
	at org.openqa.selenium.remote.ProtocolHandshake.createSession(ProtocolHandshake.java:74)
	at org.openqa.selenium.remote.HttpCommandExecutor.execute(HttpCommandExecutor.java:136)
	at org.openqa.selenium.remote.service.DriverCommandExecutor.execute(DriverCommandExecutor.java:83)
	at org.openqa.selenium.remote.RemoteWebDriver.execute(RemoteWebDriver.java:552)
	at org.openqa.selenium.remote.RemoteWebDriver.startSession(RemoteWebDriver.java:213)
	at org.openqa.selenium.remote.RemoteWebDriver.<init>(RemoteWebDriver.java:131)
	at org.openqa.selenium.chrome.ChromeDriver.<init>(ChromeDriver.java:181)
	at org.openqa.selenium.chrome.ChromeDriver.<init>(ChromeDriver.java:147)
	at com.myshopify.webfactory.WebDriverFactory.getChromeDriver(WebDriverFactory.java:82)
	at com.myshopify.webfactory.WebDriverFactory.getDriver(WebDriverFactory.java:45)
	at com.myshopify.webfactory.TestSessionInitiator.configureBrowser(TestSessionInitiator.java:31)
	at com.myshopify.webfactory.ShopTestInitiator.<init>(ShopTestInitiator.java:29)
	at com.myshopify.tests.BaseTest.beforeMethod(BaseTest.java:31)
	at java.util.concurrent.FutureTask.run(Unknown Source)
	at java.util.concurrent.ThreadPoolExecutor.runWorker(Unknown Source)
	at java.util.concurrent.ThreadPoolExecutor$Worker.run(Unknown Source)
	at java.lang.Thread.run(Unknown Source)
... Removed 20 stack frames]]>
    </failure>
  </testcase> <!-- @BeforeClass beforeMethod -->
  <testcase name="@BeforeClass init" time="0.0" classname="com.myshopify.tests.TC001_SearchAndAddProductOnCart">
    <skipped/>
  </testcase> <!-- @BeforeClass init -->
  <testcase name="TestStep01_UserSubmitLoginDetails" time="0.002" classname="com.myshopify.tests.TC001_SearchAndAddProductOnCart">
    <skipped/>
  </testcase> <!-- TestStep01_UserSubmitLoginDetails -->
  <testcase name="TestStep02_UserSearchTheProduct" time="0.002" classname="com.myshopify.tests.TC001_SearchAndAddProductOnCart">
    <skipped/>
  </testcase> <!-- TestStep02_UserSearchTheProduct -->
  <testcase name="TestStep03_UserAddedTheProduct" time="0.001" classname="com.myshopify.tests.TC001_SearchAndAddProductOnCart">
    <skipped/>
  </testcase> <!-- TestStep03_UserAddedTheProduct -->
  <testcase name="TestStep04_VerifyProductIsAddedIntoCart" time="0.001" classname="com.myshopify.tests.TC001_SearchAndAddProductOnCart">
    <skipped/>
  </testcase> <!-- TestStep04_VerifyProductIsAddedIntoCart -->
</testsuite> <!-- Search and add product to cart -->
