<!DOCTYPE html PUBLIC "-//W3C//DTD XHTML 1.1//EN" "http://www.w3.org/TR/xhtml11/DTD/xhtml11.dtd">
<html xmlns="http://www.w3.org/1999/xhtml"><head><title>TestNG Report</title><style type="text/css">table {margin-bottom:10px;border-collapse:collapse;empty-cells:show}th,td {border:1px solid #009;padding:.25em .5em}th {vertical-align:bottom}td {vertical-align:top}table a {font-weight:bold}.stripe td {background-color: #E6EBF9}.num {text-align:right}.passedodd td {background-color: #3F3}.passedeven td {background-color: #0A0}.skippedodd td {background-color: #DDD}.skippedeven td {background-color: #CCC}.failedodd td,.attn {background-color: #F33}.failedeven td,.stripe .attn {background-color: #D00}.stacktrace {white-space:pre;font-family:monospace}.totop {font-size:85%;text-align:center;border-bottom:2px solid #000}</style></head><body><table><tr><th>Test</th><th># Passed</th><th># Skipped</th><th># Failed</th><th>Time (ms)</th><th>Included Groups</th><th>Excluded Groups</th></tr><tr><th colspan="7">Test Set</th></tr><tr><td><a href="#t0">Search and add product to cart</a></td><td class="num">0</td><td class="num attn">4</td><td class="num">0</td><td class="num">11,410</td><td></td><td></td></tr><tr class="stripe"><td><a href="#t1">Add product from festure collection</a></td><td class="num">0</td><td class="num attn">4</td><td class="num">0</td><td class="num">11,976</td><td></td><td></td></tr><tr><td><a href="#t2">Add quantity and verify price</a></td><td class="num">0</td><td class="num attn">5</td><td class="num">0</td><td class="num">17,658</td><td></td><td></td></tr><tr class="stripe"><td><a href="#t3">Add product with multiple sizes </a></td><td class="num">0</td><td class="num attn">4</td><td class="num">0</td><td class="num">17,970</td><td></td><td></td></tr><tr><th>Total</th><th class="num">0</th><th class="num attn">17</th><th class="num">0</th><th class="num">59,014</th><th colspan="2"></th></tr></table><table><thead><tr><th>Class</th><th>Method</th><th>Start</th><th>Time (ms)</th></tr></thead><tbody><tr><th colspan="4">Test Set</th></tr></tbody><tbody id="t0"><tr><th colspan="4">Search and add product to cart &#8212; failed (configuration methods)</th></tr><tr class="failedeven"><td rowspan="1">com.myshopify.tests.TC001_SearchAndAddProductOnCart</td><td><a href="#m0">beforeMethod</a></td><td rowspan="1">1588054065964</td><td rowspan="1">0</td></tr><tr><th colspan="4">Search and add product to cart &#8212; skipped (configuration methods)</th></tr><tr class="skippedeven"><td rowspan="1">com.myshopify.tests.TC001_SearchAndAddProductOnCart</td><td><a href="#m1">init</a></td><td rowspan="1">1588054076874</td><td rowspan="1">0</td></tr><tr><th colspan="4">Search and add product to cart &#8212; skipped</th></tr><tr class="skippedeven"><td rowspan="4">com.myshopify.tests.TC001_SearchAndAddProductOnCart</td><td><a href="#m2">TestStep01_UserSubmitLoginDetails</a></td><td rowspan="1">1588054076888</td><td rowspan="1">2</td></tr><tr class="skippedeven"><td><a href="#m3">TestStep02_UserSearchTheProduct</a></td><td rowspan="1">1588054076926</td><td rowspan="1">2</td></tr><tr class="skippedeven"><td><a href="#m4">TestStep03_UserAddedTheProduct</a></td><td rowspan="1">1588054076931</td><td rowspan="1">1</td></tr><tr class="skippedeven"><td><a href="#m5">TestStep04_VerifyProductIsAddedIntoCart</a></td><td rowspan="1">1588054076937</td><td rowspan="1">1</td></tr></tbody><tbody id="t1"><tr><th colspan="4">Add product from festure collection &#8212; failed (configuration methods)</th></tr><tr class="failedeven"><td rowspan="1">com.myshopify.tests.TC003_AddProductFromFeatureCollection</td><td><a href="#m6">beforeMethod</a></td><td rowspan="1">1588054065964</td><td rowspan="1">0</td></tr><tr><th colspan="4">Add product from festure collection &#8212; skipped (configuration methods)</th></tr><tr class="skippedeven"><td rowspan="1">com.myshopify.tests.TC003_AddProductFromFeatureCollection</td><td><a href="#m7">init</a></td><td rowspan="1">1588054077089</td><td rowspan="1">0</td></tr><tr><th colspan="4">Add product from festure collection &#8212; skipped</th></tr><tr class="skippedeven"><td rowspan="4">com.myshopify.tests.TC003_AddProductFromFeatureCollection</td><td><a href="#m8">TestStep01_UserSubmitLoginDetails</a></td><td rowspan="1">1588054077094</td><td rowspan="1">6</td></tr><tr class="skippedeven"><td><a href="#m9">TestStep02_UserNavigateToFeatureCollection</a></td><td rowspan="1">1588054077480</td><td rowspan="1">1</td></tr><tr class="skippedeven"><td><a href="#m10">TestStep03_UserAddedTheProduct</a></td><td rowspan="1">1588054077489</td><td rowspan="1">1</td></tr><tr class="skippedeven"><td><a href="#m11">TestStep04_VerifyProductIsAddedIntoCart</a></td><td rowspan="1">1588054077500</td><td rowspan="1">2</td></tr></tbody><tbody id="t2"><tr><th colspan="4">Add quantity and verify price &#8212; failed (configuration methods)</th></tr><tr class="failedeven"><td rowspan="1">com.myshopify.tests.TC002_AddQuanityAndVerifyPrice</td><td><a href="#m12">beforeMethod</a></td><td rowspan="1">1588054065964</td><td rowspan="1">0</td></tr><tr><th colspan="4">Add quantity and verify price &#8212; skipped (configuration methods)</th></tr><tr class="skippedeven"><td rowspan="1">com.myshopify.tests.TC002_AddQuanityAndVerifyPrice</td><td><a href="#m13">init</a></td><td rowspan="1">1588054083162</td><td rowspan="1">0</td></tr><tr><th colspan="4">Add quantity and verify price &#8212; skipped</th></tr><tr class="skippedeven"><td rowspan="5">com.myshopify.tests.TC002_AddQuanityAndVerifyPrice</td><td><a href="#m14">TestStep01_UserSubmitLoginDetails</a></td><td rowspan="1">1588054083164</td><td rowspan="1">1</td></tr><tr class="skippedeven"><td><a href="#m15">TestStep02_UserSearchTheProduct</a></td><td rowspan="1">1588054083173</td><td rowspan="1">1</td></tr><tr class="skippedeven"><td><a href="#m16">TestStep03_UserAddedTheProduct</a></td><td rowspan="1">1588054083177</td><td rowspan="1">1</td></tr><tr class="skippedeven"><td><a href="#m17">TestStep04_VerifyProductIsAddedIntoCart</a></td><td rowspan="1">1588054083184</td><td rowspan="1">1</td></tr><tr class="skippedeven"><td><a href="#m18">TestStep05_IncreaseQuantityOfSameProduct</a></td><td rowspan="1">1588054083187</td><td rowspan="1">1</td></tr></tbody><tbody id="t3"><tr><th colspan="4">Add product with multiple sizes  &#8212; failed (configuration methods)</th></tr><tr class="failedeven"><td rowspan="1">com.myshopify.tests.TC004_AddProductsWithMultipleSizes</td><td><a href="#m19">beforeMethod</a></td><td rowspan="1">1588054065964</td><td rowspan="1">0</td></tr><tr><th colspan="4">Add product with multiple sizes  &#8212; skipped (configuration methods)</th></tr><tr class="skippedeven"><td rowspan="1">com.myshopify.tests.TC004_AddProductsWithMultipleSizes</td><td><a href="#m20">init</a></td><td rowspan="1">1588054083466</td><td rowspan="1">0</td></tr><tr><th colspan="4">Add product with multiple sizes  &#8212; skipped</th></tr><tr class="skippedeven"><td rowspan="4">com.myshopify.tests.TC004_AddProductsWithMultipleSizes</td><td><a href="#m21">TestStep01_UserSubmitLoginDetails</a></td><td rowspan="1">1588054083474</td><td rowspan="1">6</td></tr><tr class="skippedeven"><td><a href="#m22">TestStep02_UserSearchTheProduct</a></td><td rowspan="1">1588054083490</td><td rowspan="1">1</td></tr><tr class="skippedeven"><td><a href="#m23">TestStep03_UserAddedTheProductWithMultipleSize</a></td><td rowspan="1">1588054083494</td><td rowspan="1">1</td></tr><tr class="skippedeven"><td><a href="#m24">TestStep04_VerifyProductIsAddedIntoCart</a></td><td rowspan="1">1588054083498</td><td rowspan="1">2</td></tr></tbody></table><h2>Search and add product to cart</h2><h3 id="m0">com.myshopify.tests.TC001_SearchAndAddProductOnCart#beforeMethod</h3><table class="result"><tr><th>Messages</th></tr><tr><td><div class="messages">chrome</div></td></tr><tr><th>Exception</th></tr><tr><td><div class="stacktrace">org.openqa.selenium.SessionNotCreatedException: session not created exception
from chrome not reachable
  (Session info: chrome=81.0.4044.122)
  (Driver info: chromedriver=2.40.565498 (ea082db3280dd6843ebfb08a625e3eb905c4f5ab),platform=Windows NT 10.0.17134 x86_64) (WARNING: The server did not provide any stacktrace information)
Command duration or timeout: 8.88 seconds
Build info: version: &apos;3.141.59&apos;, revision: &apos;e82be7d358&apos;, time: &apos;2018-11-14T08:17:03&apos;
System info: host: &apos;DESKTOP-3NQPI56&apos;, ip: &apos;192.168.1.5&apos;, os.name: &apos;Windows 10&apos;, os.arch: &apos;amd64&apos;, os.version: &apos;10.0&apos;, java.version: &apos;1.8.0_161&apos;
Driver info: driver.version: ChromeDriver
	at org.openqa.selenium.remote.ErrorHandler.createThrowable(ErrorHandler.java:214)
	at org.openqa.selenium.remote.ErrorHandler.throwIfResponseFailed(ErrorHandler.java:166)
	at org.openqa.selenium.remote.JsonWireProtocolResponse.lambda$errorHandler$0(JsonWireProtocolResponse.java:54)
	at org.openqa.selenium.remote.HandshakeResponse.lambda$getResponseFunction$0(HandshakeResponse.java:30)
	at org.openqa.selenium.remote.ProtocolHandshake.lambda$createSession$0(ProtocolHandshake.java:126)
	at java.util.stream.ReferencePipeline$3$1.accept(Unknown Source)
	at java.util.Spliterators$ArraySpliterator.tryAdvance(Unknown Source)
	at java.util.stream.ReferencePipeline.forEachWithCancel(Unknown Source)
	at java.util.stream.AbstractPipeline.copyIntoWithCancel(Unknown Source)
	at java.util.stream.AbstractPipeline.copyInto(Unknown Source)
	at java.util.stream.AbstractPipeline.wrapAndCopyInto(Unknown Source)
	at java.util.stream.FindOps$FindOp.evaluateSequential(Unknown Source)
	at java.util.stream.AbstractPipeline.evaluate(Unknown Source)
	at java.util.stream.ReferencePipeline.findFirst(Unknown Source)
	at org.openqa.selenium.remote.ProtocolHandshake.createSession(ProtocolHandshake.java:128)
	at org.openqa.selenium.remote.ProtocolHandshake.createSession(ProtocolHandshake.java:74)
	at org.openqa.selenium.remote.HttpCommandExecutor.execute(HttpCommandExecutor.java:136)
	at org.openqa.selenium.remote.service.DriverCommandExecutor.execute(DriverCommandExecutor.java:83)
	at org.openqa.selenium.remote.RemoteWebDriver.execute(RemoteWebDriver.java:552)
	at org.openqa.selenium.remote.RemoteWebDriver.startSession(RemoteWebDriver.java:213)
	at org.openqa.selenium.remote.RemoteWebDriver.&lt;init&gt;(RemoteWebDriver.java:131)
	at org.openqa.selenium.chrome.ChromeDriver.&lt;init&gt;(ChromeDriver.java:181)
	at org.openqa.selenium.chrome.ChromeDriver.&lt;init&gt;(ChromeDriver.java:147)
	at com.myshopify.webfactory.WebDriverFactory.getChromeDriver(WebDriverFactory.java:82)
	at com.myshopify.webfactory.WebDriverFactory.getDriver(WebDriverFactory.java:45)
	at com.myshopify.webfactory.TestSessionInitiator.configureBrowser(TestSessionInitiator.java:31)
	at com.myshopify.webfactory.ShopTestInitiator.&lt;init&gt;(ShopTestInitiator.java:29)
	at com.myshopify.tests.BaseTest.beforeMethod(BaseTest.java:31)
	at java.util.concurrent.FutureTask.run(Unknown Source)
	at java.util.concurrent.ThreadPoolExecutor.runWorker(Unknown Source)
	at java.util.concurrent.ThreadPoolExecutor$Worker.run(Unknown Source)
	at java.lang.Thread.run(Unknown Source)
... Removed 20 stack frames</div></td></tr></table><p class="totop"><a href="#summary">back to summary</a></p><h3 id="m1">com.myshopify.tests.TC001_SearchAndAddProductOnCart#init</h3><table class="result"></table><p class="totop"><a href="#summary">back to summary</a></p><h3 id="m2">com.myshopify.tests.TC001_SearchAndAddProductOnCart#TestStep01_UserSubmitLoginDetails</h3><table class="result"></table><p class="totop"><a href="#summary">back to summary</a></p><h3 id="m3">com.myshopify.tests.TC001_SearchAndAddProductOnCart#TestStep02_UserSearchTheProduct</h3><table class="result"></table><p class="totop"><a href="#summary">back to summary</a></p><h3 id="m4">com.myshopify.tests.TC001_SearchAndAddProductOnCart#TestStep03_UserAddedTheProduct</h3><table class="result"></table><p class="totop"><a href="#summary">back to summary</a></p><h3 id="m5">com.myshopify.tests.TC001_SearchAndAddProductOnCart#TestStep04_VerifyProductIsAddedIntoCart</h3><table class="result"></table><p class="totop"><a href="#summary">back to summary</a></p><h2>Add product from festure collection</h2><h3 id="m6">com.myshopify.tests.TC003_AddProductFromFeatureCollection#beforeMethod</h3><table class="result"><tr><th>Messages</th></tr><tr><td><div class="messages">chrome</div></td></tr><tr><th>Exception</th></tr><tr><td><div class="stacktrace">org.openqa.selenium.SessionNotCreatedException: session not created exception
from chrome not reachable
  (Session info: chrome=81.0.4044.122)
  (Driver info: chromedriver=2.40.565498 (ea082db3280dd6843ebfb08a625e3eb905c4f5ab),platform=Windows NT 10.0.17134 x86_64) (WARNING: The server did not provide any stacktrace information)
Command duration or timeout: 9.19 seconds
Build info: version: &apos;3.141.59&apos;, revision: &apos;e82be7d358&apos;, time: &apos;2018-11-14T08:17:03&apos;
System info: host: &apos;DESKTOP-3NQPI56&apos;, ip: &apos;192.168.1.5&apos;, os.name: &apos;Windows 10&apos;, os.arch: &apos;amd64&apos;, os.version: &apos;10.0&apos;, java.version: &apos;1.8.0_161&apos;
Driver info: driver.version: ChromeDriver
	at org.openqa.selenium.remote.ErrorHandler.createThrowable(ErrorHandler.java:214)
	at org.openqa.selenium.remote.ErrorHandler.throwIfResponseFailed(ErrorHandler.java:166)
	at org.openqa.selenium.remote.JsonWireProtocolResponse.lambda$errorHandler$0(JsonWireProtocolResponse.java:54)
	at org.openqa.selenium.remote.HandshakeResponse.lambda$getResponseFunction$0(HandshakeResponse.java:30)
	at org.openqa.selenium.remote.ProtocolHandshake.lambda$createSession$0(ProtocolHandshake.java:126)
	at java.util.stream.ReferencePipeline$3$1.accept(Unknown Source)
	at java.util.Spliterators$ArraySpliterator.tryAdvance(Unknown Source)
	at java.util.stream.ReferencePipeline.forEachWithCancel(Unknown Source)
	at java.util.stream.AbstractPipeline.copyIntoWithCancel(Unknown Source)
	at java.util.stream.AbstractPipeline.copyInto(Unknown Source)
	at java.util.stream.AbstractPipeline.wrapAndCopyInto(Unknown Source)
	at java.util.stream.FindOps$FindOp.evaluateSequential(Unknown Source)
	at java.util.stream.AbstractPipeline.evaluate(Unknown Source)
	at java.util.stream.ReferencePipeline.findFirst(Unknown Source)
	at org.openqa.selenium.remote.ProtocolHandshake.createSession(ProtocolHandshake.java:128)
	at org.openqa.selenium.remote.ProtocolHandshake.createSession(ProtocolHandshake.java:74)
	at org.openqa.selenium.remote.HttpCommandExecutor.execute(HttpCommandExecutor.java:136)
	at org.openqa.selenium.remote.service.DriverCommandExecutor.execute(DriverCommandExecutor.java:83)
	at org.openqa.selenium.remote.RemoteWebDriver.execute(RemoteWebDriver.java:552)
	at org.openqa.selenium.remote.RemoteWebDriver.startSession(RemoteWebDriver.java:213)
	at org.openqa.selenium.remote.RemoteWebDriver.&lt;init&gt;(RemoteWebDriver.java:131)
	at org.openqa.selenium.chrome.ChromeDriver.&lt;init&gt;(ChromeDriver.java:181)
	at org.openqa.selenium.chrome.ChromeDriver.&lt;init&gt;(ChromeDriver.java:147)
	at com.myshopify.webfactory.WebDriverFactory.getChromeDriver(WebDriverFactory.java:82)
	at com.myshopify.webfactory.WebDriverFactory.getDriver(WebDriverFactory.java:45)
	at com.myshopify.webfactory.TestSessionInitiator.configureBrowser(TestSessionInitiator.java:31)
	at com.myshopify.webfactory.ShopTestInitiator.&lt;init&gt;(ShopTestInitiator.java:29)
	at com.myshopify.tests.BaseTest.beforeMethod(BaseTest.java:31)
	at java.util.concurrent.FutureTask.run(Unknown Source)
	at java.util.concurrent.ThreadPoolExecutor.runWorker(Unknown Source)
	at java.util.concurrent.ThreadPoolExecutor$Worker.run(Unknown Source)
	at java.lang.Thread.run(Unknown Source)
... Removed 20 stack frames</div></td></tr></table><p class="totop"><a href="#summary">back to summary</a></p><h3 id="m7">com.myshopify.tests.TC003_AddProductFromFeatureCollection#init</h3><table class="result"></table><p class="totop"><a href="#summary">back to summary</a></p><h3 id="m8">com.myshopify.tests.TC003_AddProductFromFeatureCollection#TestStep01_UserSubmitLoginDetails</h3><table class="result"></table><p class="totop"><a href="#summary">back to summary</a></p><h3 id="m9">com.myshopify.tests.TC003_AddProductFromFeatureCollection#TestStep02_UserNavigateToFeatureCollection</h3><table class="result"></table><p class="totop"><a href="#summary">back to summary</a></p><h3 id="m10">com.myshopify.tests.TC003_AddProductFromFeatureCollection#TestStep03_UserAddedTheProduct</h3><table class="result"></table><p class="totop"><a href="#summary">back to summary</a></p><h3 id="m11">com.myshopify.tests.TC003_AddProductFromFeatureCollection#TestStep04_VerifyProductIsAddedIntoCart</h3><table class="result"></table><p class="totop"><a href="#summary">back to summary</a></p><h2>Add quantity and verify price</h2><h3 id="m12">com.myshopify.tests.TC002_AddQuanityAndVerifyPrice#beforeMethod</h3><table class="result"><tr><th>Messages</th></tr><tr><td><div class="messages">chrome<br/>The application url is :- https://ecom-optimus.myshopify.com/<br/>The test browser is :- chrome</div></td></tr><tr><th>Exception</th></tr><tr><td><div class="stacktrace">org.openqa.selenium.NoSuchWindowException: no such window: target window already closed
from unknown error: web view not found
  (Session info: chrome=81.0.4044.122)
  (Driver info: chromedriver=2.40.565498 (ea082db3280dd6843ebfb08a625e3eb905c4f5ab),platform=Windows NT 10.0.17134 x86_64) (WARNING: The server did not provide any stacktrace information)
Command duration or timeout: 0 milliseconds
Build info: version: &apos;3.141.59&apos;, revision: &apos;e82be7d358&apos;, time: &apos;2018-11-14T08:17:03&apos;
System info: host: &apos;DESKTOP-3NQPI56&apos;, ip: &apos;192.168.1.5&apos;, os.name: &apos;Windows 10&apos;, os.arch: &apos;amd64&apos;, os.version: &apos;10.0&apos;, java.version: &apos;1.8.0_161&apos;
Driver info: org.openqa.selenium.chrome.ChromeDriver
Capabilities {acceptInsecureCerts: false, acceptSslCerts: false, applicationCacheEnabled: false, browserConnectionEnabled: false, browserName: chrome, chrome: {chromedriverVersion: 2.40.565498 (ea082db3280dd6..., userDataDir: C:\Users\NITISH~1\AppData\L...}, cssSelectorsEnabled: true, databaseEnabled: false, handlesAlerts: true, hasTouchScreen: false, javascriptEnabled: true, locationContextEnabled: true, mobileEmulationEnabled: false, nativeEvents: true, networkConnectionEnabled: false, pageLoadStrategy: normal, platform: XP, platformName: XP, rotatable: false, setWindowRect: true, takesHeapSnapshot: true, takesScreenshot: true, unexpectedAlertBehaviour: , unhandledPromptBehavior: , version: 81.0.4044.122, webStorageEnabled: true}
Session ID: 5e08996e8c518926bf585ac2dac64332
	at org.openqa.selenium.remote.ErrorHandler.createThrowable(ErrorHandler.java:214)
	at org.openqa.selenium.remote.ErrorHandler.throwIfResponseFailed(ErrorHandler.java:166)
	at org.openqa.selenium.remote.http.JsonHttpResponseCodec.reconstructValue(JsonHttpResponseCodec.java:40)
	at org.openqa.selenium.remote.http.AbstractHttpResponseCodec.decode(AbstractHttpResponseCodec.java:80)
	at org.openqa.selenium.remote.http.AbstractHttpResponseCodec.decode(AbstractHttpResponseCodec.java:44)
	at org.openqa.selenium.remote.HttpCommandExecutor.execute(HttpCommandExecutor.java:158)
	at org.openqa.selenium.remote.service.DriverCommandExecutor.execute(DriverCommandExecutor.java:83)
	at org.openqa.selenium.remote.RemoteWebDriver.execute(RemoteWebDriver.java:552)
	at org.openqa.selenium.remote.RemoteWebDriver.get(RemoteWebDriver.java:277)
	at com.myshopify.webfactory.TestSessionInitiator.launchApplication(TestSessionInitiator.java:87)
	at com.myshopify.tests.BaseTest.beforeMethod(BaseTest.java:32)
	at java.util.concurrent.FutureTask.run(Unknown Source)
	at java.util.concurrent.ThreadPoolExecutor.runWorker(Unknown Source)
	at java.util.concurrent.ThreadPoolExecutor$Worker.run(Unknown Source)
	at java.lang.Thread.run(Unknown Source)
... Removed 20 stack frames</div></td></tr></table><p class="totop"><a href="#summary">back to summary</a></p><h3 id="m13">com.myshopify.tests.TC002_AddQuanityAndVerifyPrice#init</h3><table class="result"></table><p class="totop"><a href="#summary">back to summary</a></p><h3 id="m14">com.myshopify.tests.TC002_AddQuanityAndVerifyPrice#TestStep01_UserSubmitLoginDetails</h3><table class="result"></table><p class="totop"><a href="#summary">back to summary</a></p><h3 id="m15">com.myshopify.tests.TC002_AddQuanityAndVerifyPrice#TestStep02_UserSearchTheProduct</h3><table class="result"></table><p class="totop"><a href="#summary">back to summary</a></p><h3 id="m16">com.myshopify.tests.TC002_AddQuanityAndVerifyPrice#TestStep03_UserAddedTheProduct</h3><table class="result"></table><p class="totop"><a href="#summary">back to summary</a></p><h3 id="m17">com.myshopify.tests.TC002_AddQuanityAndVerifyPrice#TestStep04_VerifyProductIsAddedIntoCart</h3><table class="result"></table><p class="totop"><a href="#summary">back to summary</a></p><h3 id="m18">com.myshopify.tests.TC002_AddQuanityAndVerifyPrice#TestStep05_IncreaseQuantityOfSameProduct</h3><table class="result"></table><p class="totop"><a href="#summary">back to summary</a></p><h2>Add product with multiple sizes </h2><h3 id="m19">com.myshopify.tests.TC004_AddProductsWithMultipleSizes#beforeMethod</h3><table class="result"><tr><th>Messages</th></tr><tr><td><div class="messages">chrome<br/>The application url is :- https://ecom-optimus.myshopify.com/<br/>The test browser is :- chrome</div></td></tr><tr><th>Exception</th></tr><tr><td><div class="stacktrace">org.openqa.selenium.NoSuchWindowException: no such window: target window already closed
from unknown error: web view not found
  (Session info: chrome=81.0.4044.122)
  (Driver info: chromedriver=2.40.565498 (ea082db3280dd6843ebfb08a625e3eb905c4f5ab),platform=Windows NT 10.0.17134 x86_64) (WARNING: The server did not provide any stacktrace information)
Command duration or timeout: 0 milliseconds
Build info: version: &apos;3.141.59&apos;, revision: &apos;e82be7d358&apos;, time: &apos;2018-11-14T08:17:03&apos;
System info: host: &apos;DESKTOP-3NQPI56&apos;, ip: &apos;192.168.1.5&apos;, os.name: &apos;Windows 10&apos;, os.arch: &apos;amd64&apos;, os.version: &apos;10.0&apos;, java.version: &apos;1.8.0_161&apos;
Driver info: org.openqa.selenium.chrome.ChromeDriver
Capabilities {acceptInsecureCerts: false, acceptSslCerts: false, applicationCacheEnabled: false, browserConnectionEnabled: false, browserName: chrome, chrome: {chromedriverVersion: 2.40.565498 (ea082db3280dd6..., userDataDir: C:\Users\NITISH~1\AppData\L...}, cssSelectorsEnabled: true, databaseEnabled: false, handlesAlerts: true, hasTouchScreen: false, javascriptEnabled: true, locationContextEnabled: true, mobileEmulationEnabled: false, nativeEvents: true, networkConnectionEnabled: false, pageLoadStrategy: normal, platform: XP, platformName: XP, rotatable: false, setWindowRect: true, takesHeapSnapshot: true, takesScreenshot: true, unexpectedAlertBehaviour: , unhandledPromptBehavior: , version: 81.0.4044.122, webStorageEnabled: true}
Session ID: 5870a60518b09d4cf4b4b612915dd825
	at org.openqa.selenium.remote.ErrorHandler.createThrowable(ErrorHandler.java:214)
	at org.openqa.selenium.remote.ErrorHandler.throwIfResponseFailed(ErrorHandler.java:166)
	at org.openqa.selenium.remote.http.JsonHttpResponseCodec.reconstructValue(JsonHttpResponseCodec.java:40)
	at org.openqa.selenium.remote.http.AbstractHttpResponseCodec.decode(AbstractHttpResponseCodec.java:80)
	at org.openqa.selenium.remote.http.AbstractHttpResponseCodec.decode(AbstractHttpResponseCodec.java:44)
	at org.openqa.selenium.remote.HttpCommandExecutor.execute(HttpCommandExecutor.java:158)
	at org.openqa.selenium.remote.service.DriverCommandExecutor.execute(DriverCommandExecutor.java:83)
	at org.openqa.selenium.remote.RemoteWebDriver.execute(RemoteWebDriver.java:552)
	at org.openqa.selenium.remote.RemoteWebDriver.get(RemoteWebDriver.java:277)
	at com.myshopify.webfactory.TestSessionInitiator.launchApplication(TestSessionInitiator.java:87)
	at com.myshopify.tests.BaseTest.beforeMethod(BaseTest.java:32)
	at java.util.concurrent.FutureTask.run(Unknown Source)
	at java.util.concurrent.ThreadPoolExecutor.runWorker(Unknown Source)
	at java.util.concurrent.ThreadPoolExecutor$Worker.run(Unknown Source)
	at java.lang.Thread.run(Unknown Source)
... Removed 20 stack frames</div></td></tr></table><p class="totop"><a href="#summary">back to summary</a></p><h3 id="m20">com.myshopify.tests.TC004_AddProductsWithMultipleSizes#init</h3><table class="result"></table><p class="totop"><a href="#summary">back to summary</a></p><h3 id="m21">com.myshopify.tests.TC004_AddProductsWithMultipleSizes#TestStep01_UserSubmitLoginDetails</h3><table class="result"></table><p class="totop"><a href="#summary">back to summary</a></p><h3 id="m22">com.myshopify.tests.TC004_AddProductsWithMultipleSizes#TestStep02_UserSearchTheProduct</h3><table class="result"></table><p class="totop"><a href="#summary">back to summary</a></p><h3 id="m23">com.myshopify.tests.TC004_AddProductsWithMultipleSizes#TestStep03_UserAddedTheProductWithMultipleSize</h3><table class="result"></table><p class="totop"><a href="#summary">back to summary</a></p><h3 id="m24">com.myshopify.tests.TC004_AddProductsWithMultipleSizes#TestStep04_VerifyProductIsAddedIntoCart</h3><table class="result"></table><p class="totop"><a href="#summary">back to summary</a></p></body></html>