<?xml version="1.0" encoding="UTF-8"?>
<testng-results skipped="17" failed="0" total="17" passed="0">
  <reporter-output>
    <line>
      <![CDATA[chrome]]>
    </line>
    <line>
      <![CDATA[chrome]]>
    </line>
    <line>
      <![CDATA[chrome]]>
    </line>
    <line>
      <![CDATA[chrome]]>
    </line>
    <line>
      <![CDATA[The application url is :- https://ecom-optimus.myshopify.com/]]>
    </line>
    <line>
      <![CDATA[The test browser is :- chrome]]>
    </line>
    <line>
      <![CDATA[The application url is :- https://ecom-optimus.myshopify.com/]]>
    </line>
    <line>
      <![CDATA[The test browser is :- chrome]]>
    </line>
  </reporter-output>
  <suite name="Test Set" duration-ms="17970" started-at="2020-04-28T06:07:45Z" finished-at="2020-04-28T06:08:03Z">
    <groups>
    </groups>
    <test name="Search and add product to cart" duration-ms="11410" started-at="2020-04-28T06:07:45Z" finished-at="2020-04-28T06:07:56Z">
      <class name="com.myshopify.tests.TC001_SearchAndAddProductOnCart">
        <test-method status="FAIL" signature="beforeMethod()[pri:0, instance:com.myshopify.tests.TC001_SearchAndAddProductOnCart@271053e1]" name="beforeMethod" is-config="true" duration-ms="0" started-at="2020-04-28T11:37:45Z" finished-at="2020-04-28T11:37:45Z">
          <exception class="org.openqa.selenium.SessionNotCreatedException">
            <message>
              <![CDATA[session not created exception
from chrome not reachable
  (Session info: chrome=81.0.4044.122)
  (Driver info: chromedriver=2.40.565498 (ea082db3280dd6843ebfb08a625e3eb905c4f5ab),platform=Windows NT 10.0.17134 x86_64) (WARNING: The server did not provide any stacktrace information)
Command duration or timeout: 8.88 seconds
Build info: version: '3.141.59', revision: 'e82be7d358', time: '2018-11-14T08:17:03'
System info: host: 'DESKTOP-3NQPI56', ip: '192.168.1.5', os.name: 'Windows 10', os.arch: 'amd64', os.version: '10.0', java.version: '1.8.0_161'
Driver info: driver.version: ChromeDriver]]>
            </message>
            <full-stacktrace>
              <![CDATA[org.openqa.selenium.SessionNotCreatedException: session not created exception
from chrome not reachable
  (Session info: chrome=81.0.4044.122)
  (Driver info: chromedriver=2.40.565498 (ea082db3280dd6843ebfb08a625e3eb905c4f5ab),platform=Windows NT 10.0.17134 x86_64) (WARNING: The server did not provide any stacktrace information)
Command duration or timeout: 8.88 seconds
Build info: version: '3.141.59', revision: 'e82be7d358', time: '2018-11-14T08:17:03'
System info: host: 'DESKTOP-3NQPI56', ip: '192.168.1.5', os.name: 'Windows 10', os.arch: 'amd64', os.version: '10.0', java.version: '1.8.0_161'
Driver info: driver.version: ChromeDriver
	at sun.reflect.NativeConstructorAccessorImpl.newInstance0(Native Method)
	at sun.reflect.NativeConstructorAccessorImpl.newInstance(Unknown Source)
	at sun.reflect.DelegatingConstructorAccessorImpl.newInstance(Unknown Source)
	at java.lang.reflect.Constructor.newInstance(Unknown Source)
	at org.openqa.selenium.remote.ErrorHandler.createThrowable(ErrorHandler.java:214)
	at org.openqa.selenium.remote.ErrorHandler.throwIfResponseFailed(ErrorHandler.java:166)
	at org.openqa.selenium.remote.JsonWireProtocolResponse.lambda$errorHandler$0(JsonWireProtocolResponse.java:54)
	at org.openqa.selenium.remote.HandshakeResponse.lambda$getResponseFunction$0(HandshakeResponse.java:30)
	at org.openqa.selenium.remote.ProtocolHandshake.lambda$createSession$0(ProtocolHandshake.java:126)
	at java.util.stream.ReferencePipeline$3$1.accept(Unknown Source)
	at java.util.Spliterators$ArraySpliterator.tryAdvance(Unknown Source)
	at java.util.stream.ReferencePipeline.forEachWithCancel(Unknown Source)
	at java.util.stream.AbstractPipeline.copyIntoWithCancel(Unknown Source)
	at java.util.stream.AbstractPipeline.copyInto(Unknown Source)
	at java.util.stream.AbstractPipeline.wrapAndCopyInto(Unknown Source)
	at java.util.stream.FindOps$FindOp.evaluateSequential(Unknown Source)
	at java.util.stream.AbstractPipeline.evaluate(Unknown Source)
	at java.util.stream.ReferencePipeline.findFirst(Unknown Source)
	at org.openqa.selenium.remote.ProtocolHandshake.createSession(ProtocolHandshake.java:128)
	at org.openqa.selenium.remote.ProtocolHandshake.createSession(ProtocolHandshake.java:74)
	at org.openqa.selenium.remote.HttpCommandExecutor.execute(HttpCommandExecutor.java:136)
	at org.openqa.selenium.remote.service.DriverCommandExecutor.execute(DriverCommandExecutor.java:83)
	at org.openqa.selenium.remote.RemoteWebDriver.execute(RemoteWebDriver.java:552)
	at org.openqa.selenium.remote.RemoteWebDriver.startSession(RemoteWebDriver.java:213)
	at org.openqa.selenium.remote.RemoteWebDriver.<init>(RemoteWebDriver.java:131)
	at org.openqa.selenium.chrome.ChromeDriver.<init>(ChromeDriver.java:181)
	at org.openqa.selenium.chrome.ChromeDriver.<init>(ChromeDriver.java:147)
	at com.myshopify.webfactory.WebDriverFactory.getChromeDriver(WebDriverFactory.java:82)
	at com.myshopify.webfactory.WebDriverFactory.getDriver(WebDriverFactory.java:45)
	at com.myshopify.webfactory.TestSessionInitiator.configureBrowser(TestSessionInitiator.java:31)
	at com.myshopify.webfactory.ShopTestInitiator.<init>(ShopTestInitiator.java:29)
	at com.myshopify.tests.BaseTest.beforeMethod(BaseTest.java:31)
	at sun.reflect.NativeMethodAccessorImpl.invoke0(Native Method)
	at sun.reflect.NativeMethodAccessorImpl.invoke(Unknown Source)
	at sun.reflect.DelegatingMethodAccessorImpl.invoke(Unknown Source)
	at java.lang.reflect.Method.invoke(Unknown Source)
	at org.testng.internal.MethodInvocationHelper.invokeMethod(MethodInvocationHelper.java:86)
	at org.testng.internal.Invoker.invokeConfigurationMethod(Invoker.java:514)
	at org.testng.internal.Invoker.invokeConfigurations(Invoker.java:215)
	at org.testng.internal.Invoker.invokeConfigurations(Invoker.java:142)
	at org.testng.internal.TestMethodWorker.invokeBeforeClassMethods(TestMethodWorker.java:178)
	at org.testng.internal.TestMethodWorker.run(TestMethodWorker.java:108)
	at org.testng.TestRunner.privateRun(TestRunner.java:782)
	at org.testng.TestRunner.run(TestRunner.java:632)
	at org.testng.SuiteRunner.runTest(SuiteRunner.java:366)
	at org.testng.SuiteRunner.access$000(SuiteRunner.java:39)
	at org.testng.SuiteRunner$SuiteWorker.run(SuiteRunner.java:400)
	at org.testng.internal.thread.ThreadUtil$2.call(ThreadUtil.java:64)
	at java.util.concurrent.FutureTask.run(Unknown Source)
	at java.util.concurrent.ThreadPoolExecutor.runWorker(Unknown Source)
	at java.util.concurrent.ThreadPoolExecutor$Worker.run(Unknown Source)
	at java.lang.Thread.run(Unknown Source)
]]>
            </full-stacktrace>
          </exception> <!-- org.openqa.selenium.SessionNotCreatedException -->
          <reporter-output>
            <line>
              <![CDATA[chrome]]>
            </line>
          </reporter-output>
        </test-method> <!-- beforeMethod -->
        <test-method status="SKIP" signature="init()[pri:0, instance:com.myshopify.tests.TC001_SearchAndAddProductOnCart@271053e1]" name="init" is-config="true" duration-ms="0" started-at="2020-04-28T11:37:56Z" finished-at="2020-04-28T11:37:56Z">
          <reporter-output>
          </reporter-output>
        </test-method> <!-- init -->
        <test-method status="SKIP" signature="TestStep01_UserSubmitLoginDetails()[pri:0, instance:com.myshopify.tests.TC001_SearchAndAddProductOnCart@271053e1]" name="TestStep01_UserSubmitLoginDetails" duration-ms="2" started-at="2020-04-28T11:37:56Z" finished-at="2020-04-28T11:37:56Z">
          <reporter-output>
          </reporter-output>
        </test-method> <!-- TestStep01_UserSubmitLoginDetails -->
        <test-method status="SKIP" signature="TestStep02_UserSearchTheProduct()[pri:0, instance:com.myshopify.tests.TC001_SearchAndAddProductOnCart@271053e1]" name="TestStep02_UserSearchTheProduct" duration-ms="2" started-at="2020-04-28T11:37:56Z" finished-at="2020-04-28T11:37:56Z">
          <reporter-output>
          </reporter-output>
        </test-method> <!-- TestStep02_UserSearchTheProduct -->
        <test-method status="SKIP" signature="TestStep03_UserAddedTheProduct()[pri:0, instance:com.myshopify.tests.TC001_SearchAndAddProductOnCart@271053e1]" name="TestStep03_UserAddedTheProduct" duration-ms="1" started-at="2020-04-28T11:37:56Z" finished-at="2020-04-28T11:37:56Z">
          <reporter-output>
          </reporter-output>
        </test-method> <!-- TestStep03_UserAddedTheProduct -->
        <test-method status="SKIP" signature="TestStep04_VerifyProductIsAddedIntoCart()[pri:0, instance:com.myshopify.tests.TC001_SearchAndAddProductOnCart@271053e1]" name="TestStep04_VerifyProductIsAddedIntoCart" duration-ms="1" started-at="2020-04-28T11:37:56Z" finished-at="2020-04-28T11:37:56Z">
          <reporter-output>
          </reporter-output>
        </test-method> <!-- TestStep04_VerifyProductIsAddedIntoCart -->
        <test-method status="PASS" signature="close_Test_Session()[pri:0, instance:com.myshopify.tests.TC001_SearchAndAddProductOnCart@271053e1]" name="close_Test_Session" is-config="true" duration-ms="1" started-at="2020-04-28T11:37:56Z" finished-at="2020-04-28T11:37:56Z">
          <reporter-output>
          </reporter-output>
        </test-method> <!-- close_Test_Session -->
      </class> <!-- com.myshopify.tests.TC001_SearchAndAddProductOnCart -->
    </test> <!-- Search and add product to cart -->
    <test name="Add product from festure collection" duration-ms="11976" started-at="2020-04-28T06:07:45Z" finished-at="2020-04-28T06:07:57Z">
      <class name="com.myshopify.tests.TC003_AddProductFromFeatureCollection">
        <test-method status="FAIL" signature="beforeMethod()[pri:0, instance:com.myshopify.tests.TC003_AddProductFromFeatureCollection@5025a98f]" name="beforeMethod" is-config="true" duration-ms="0" started-at="2020-04-28T11:37:45Z" finished-at="2020-04-28T11:37:45Z">
          <exception class="org.openqa.selenium.SessionNotCreatedException">
            <message>
              <![CDATA[session not created exception
from chrome not reachable
  (Session info: chrome=81.0.4044.122)
  (Driver info: chromedriver=2.40.565498 (ea082db3280dd6843ebfb08a625e3eb905c4f5ab),platform=Windows NT 10.0.17134 x86_64) (WARNING: The server did not provide any stacktrace information)
Command duration or timeout: 9.19 seconds
Build info: version: '3.141.59', revision: 'e82be7d358', time: '2018-11-14T08:17:03'
System info: host: 'DESKTOP-3NQPI56', ip: '192.168.1.5', os.name: 'Windows 10', os.arch: 'amd64', os.version: '10.0', java.version: '1.8.0_161'
Driver info: driver.version: ChromeDriver]]>
            </message>
            <full-stacktrace>
              <![CDATA[org.openqa.selenium.SessionNotCreatedException: session not created exception
from chrome not reachable
  (Session info: chrome=81.0.4044.122)
  (Driver info: chromedriver=2.40.565498 (ea082db3280dd6843ebfb08a625e3eb905c4f5ab),platform=Windows NT 10.0.17134 x86_64) (WARNING: The server did not provide any stacktrace information)
Command duration or timeout: 9.19 seconds
Build info: version: '3.141.59', revision: 'e82be7d358', time: '2018-11-14T08:17:03'
System info: host: 'DESKTOP-3NQPI56', ip: '192.168.1.5', os.name: 'Windows 10', os.arch: 'amd64', os.version: '10.0', java.version: '1.8.0_161'
Driver info: driver.version: ChromeDriver
	at sun.reflect.NativeConstructorAccessorImpl.newInstance0(Native Method)
	at sun.reflect.NativeConstructorAccessorImpl.newInstance(Unknown Source)
	at sun.reflect.DelegatingConstructorAccessorImpl.newInstance(Unknown Source)
	at java.lang.reflect.Constructor.newInstance(Unknown Source)
	at org.openqa.selenium.remote.ErrorHandler.createThrowable(ErrorHandler.java:214)
	at org.openqa.selenium.remote.ErrorHandler.throwIfResponseFailed(ErrorHandler.java:166)
	at org.openqa.selenium.remote.JsonWireProtocolResponse.lambda$errorHandler$0(JsonWireProtocolResponse.java:54)
	at org.openqa.selenium.remote.HandshakeResponse.lambda$getResponseFunction$0(HandshakeResponse.java:30)
	at org.openqa.selenium.remote.ProtocolHandshake.lambda$createSession$0(ProtocolHandshake.java:126)
	at java.util.stream.ReferencePipeline$3$1.accept(Unknown Source)
	at java.util.Spliterators$ArraySpliterator.tryAdvance(Unknown Source)
	at java.util.stream.ReferencePipeline.forEachWithCancel(Unknown Source)
	at java.util.stream.AbstractPipeline.copyIntoWithCancel(Unknown Source)
	at java.util.stream.AbstractPipeline.copyInto(Unknown Source)
	at java.util.stream.AbstractPipeline.wrapAndCopyInto(Unknown Source)
	at java.util.stream.FindOps$FindOp.evaluateSequential(Unknown Source)
	at java.util.stream.AbstractPipeline.evaluate(Unknown Source)
	at java.util.stream.ReferencePipeline.findFirst(Unknown Source)
	at org.openqa.selenium.remote.ProtocolHandshake.createSession(ProtocolHandshake.java:128)
	at org.openqa.selenium.remote.ProtocolHandshake.createSession(ProtocolHandshake.java:74)
	at org.openqa.selenium.remote.HttpCommandExecutor.execute(HttpCommandExecutor.java:136)
	at org.openqa.selenium.remote.service.DriverCommandExecutor.execute(DriverCommandExecutor.java:83)
	at org.openqa.selenium.remote.RemoteWebDriver.execute(RemoteWebDriver.java:552)
	at org.openqa.selenium.remote.RemoteWebDriver.startSession(RemoteWebDriver.java:213)
	at org.openqa.selenium.remote.RemoteWebDriver.<init>(RemoteWebDriver.java:131)
	at org.openqa.selenium.chrome.ChromeDriver.<init>(ChromeDriver.java:181)
	at org.openqa.selenium.chrome.ChromeDriver.<init>(ChromeDriver.java:147)
	at com.myshopify.webfactory.WebDriverFactory.getChromeDriver(WebDriverFactory.java:82)
	at com.myshopify.webfactory.WebDriverFactory.getDriver(WebDriverFactory.java:45)
	at com.myshopify.webfactory.TestSessionInitiator.configureBrowser(TestSessionInitiator.java:31)
	at com.myshopify.webfactory.ShopTestInitiator.<init>(ShopTestInitiator.java:29)
	at com.myshopify.tests.BaseTest.beforeMethod(BaseTest.java:31)
	at sun.reflect.NativeMethodAccessorImpl.invoke0(Native Method)
	at sun.reflect.NativeMethodAccessorImpl.invoke(Unknown Source)
	at sun.reflect.DelegatingMethodAccessorImpl.invoke(Unknown Source)
	at java.lang.reflect.Method.invoke(Unknown Source)
	at org.testng.internal.MethodInvocationHelper.invokeMethod(MethodInvocationHelper.java:86)
	at org.testng.internal.Invoker.invokeConfigurationMethod(Invoker.java:514)
	at org.testng.internal.Invoker.invokeConfigurations(Invoker.java:215)
	at org.testng.internal.Invoker.invokeConfigurations(Invoker.java:142)
	at org.testng.internal.TestMethodWorker.invokeBeforeClassMethods(TestMethodWorker.java:178)
	at org.testng.internal.TestMethodWorker.run(TestMethodWorker.java:108)
	at org.testng.TestRunner.privateRun(TestRunner.java:782)
	at org.testng.TestRunner.run(TestRunner.java:632)
	at org.testng.SuiteRunner.runTest(SuiteRunner.java:366)
	at org.testng.SuiteRunner.access$000(SuiteRunner.java:39)
	at org.testng.SuiteRunner$SuiteWorker.run(SuiteRunner.java:400)
	at org.testng.internal.thread.ThreadUtil$2.call(ThreadUtil.java:64)
	at java.util.concurrent.FutureTask.run(Unknown Source)
	at java.util.concurrent.ThreadPoolExecutor.runWorker(Unknown Source)
	at java.util.concurrent.ThreadPoolExecutor$Worker.run(Unknown Source)
	at java.lang.Thread.run(Unknown Source)
]]>
            </full-stacktrace>
          </exception> <!-- org.openqa.selenium.SessionNotCreatedException -->
          <reporter-output>
            <line>
              <![CDATA[chrome]]>
            </line>
          </reporter-output>
        </test-method> <!-- beforeMethod -->
        <test-method status="SKIP" signature="init()[pri:0, instance:com.myshopify.tests.TC003_AddProductFromFeatureCollection@5025a98f]" name="init" is-config="true" duration-ms="0" started-at="2020-04-28T11:37:57Z" finished-at="2020-04-28T11:37:57Z">
          <reporter-output>
          </reporter-output>
        </test-method> <!-- init -->
        <test-method status="SKIP" signature="TestStep01_UserSubmitLoginDetails()[pri:0, instance:com.myshopify.tests.TC003_AddProductFromFeatureCollection@5025a98f]" name="TestStep01_UserSubmitLoginDetails" duration-ms="6" started-at="2020-04-28T11:37:57Z" finished-at="2020-04-28T11:37:57Z">
          <reporter-output>
          </reporter-output>
        </test-method> <!-- TestStep01_UserSubmitLoginDetails -->
        <test-method status="SKIP" signature="TestStep02_UserNavigateToFeatureCollection()[pri:0, instance:com.myshopify.tests.TC003_AddProductFromFeatureCollection@5025a98f]" name="TestStep02_UserNavigateToFeatureCollection" duration-ms="1" started-at="2020-04-28T11:37:57Z" finished-at="2020-04-28T11:37:57Z">
          <reporter-output>
          </reporter-output>
        </test-method> <!-- TestStep02_UserNavigateToFeatureCollection -->
        <test-method status="SKIP" signature="TestStep03_UserAddedTheProduct()[pri:0, instance:com.myshopify.tests.TC003_AddProductFromFeatureCollection@5025a98f]" name="TestStep03_UserAddedTheProduct" duration-ms="1" started-at="2020-04-28T11:37:57Z" finished-at="2020-04-28T11:37:57Z">
          <reporter-output>
          </reporter-output>
        </test-method> <!-- TestStep03_UserAddedTheProduct -->
        <test-method status="SKIP" signature="TestStep04_VerifyProductIsAddedIntoCart()[pri:0, instance:com.myshopify.tests.TC003_AddProductFromFeatureCollection@5025a98f]" name="TestStep04_VerifyProductIsAddedIntoCart" duration-ms="2" started-at="2020-04-28T11:37:57Z" finished-at="2020-04-28T11:37:57Z">
          <reporter-output>
          </reporter-output>
        </test-method> <!-- TestStep04_VerifyProductIsAddedIntoCart -->
        <test-method status="PASS" signature="close_Test_Session()[pri:0, instance:com.myshopify.tests.TC003_AddProductFromFeatureCollection@5025a98f]" name="close_Test_Session" is-config="true" duration-ms="0" started-at="2020-04-28T11:37:57Z" finished-at="2020-04-28T11:37:57Z">
          <reporter-output>
          </reporter-output>
        </test-method> <!-- close_Test_Session -->
      </class> <!-- com.myshopify.tests.TC003_AddProductFromFeatureCollection -->
    </test> <!-- Add product from festure collection -->
    <test name="Add quantity and verify price" duration-ms="17658" started-at="2020-04-28T06:07:45Z" finished-at="2020-04-28T06:08:03Z">
      <class name="com.myshopify.tests.TC002_AddQuanityAndVerifyPrice">
        <test-method status="FAIL" signature="beforeMethod()[pri:0, instance:com.myshopify.tests.TC002_AddQuanityAndVerifyPrice@4b952a2d]" name="beforeMethod" is-config="true" duration-ms="0" started-at="2020-04-28T11:37:45Z" finished-at="2020-04-28T11:37:45Z">
          <exception class="org.openqa.selenium.NoSuchWindowException">
            <message>
              <![CDATA[no such window: target window already closed
from unknown error: web view not found
  (Session info: chrome=81.0.4044.122)
  (Driver info: chromedriver=2.40.565498 (ea082db3280dd6843ebfb08a625e3eb905c4f5ab),platform=Windows NT 10.0.17134 x86_64) (WARNING: The server did not provide any stacktrace information)
Command duration or timeout: 0 milliseconds
Build info: version: '3.141.59', revision: 'e82be7d358', time: '2018-11-14T08:17:03'
System info: host: 'DESKTOP-3NQPI56', ip: '192.168.1.5', os.name: 'Windows 10', os.arch: 'amd64', os.version: '10.0', java.version: '1.8.0_161'
Driver info: org.openqa.selenium.chrome.ChromeDriver
Capabilities {acceptInsecureCerts: false, acceptSslCerts: false, applicationCacheEnabled: false, browserConnectionEnabled: false, browserName: chrome, chrome: {chromedriverVersion: 2.40.565498 (ea082db3280dd6..., userDataDir: C:\Users\NITISH~1\AppData\L...}, cssSelectorsEnabled: true, databaseEnabled: false, handlesAlerts: true, hasTouchScreen: false, javascriptEnabled: true, locationContextEnabled: true, mobileEmulationEnabled: false, nativeEvents: true, networkConnectionEnabled: false, pageLoadStrategy: normal, platform: XP, platformName: XP, rotatable: false, setWindowRect: true, takesHeapSnapshot: true, takesScreenshot: true, unexpectedAlertBehaviour: , unhandledPromptBehavior: , version: 81.0.4044.122, webStorageEnabled: true}
Session ID: 5e08996e8c518926bf585ac2dac64332]]>
            </message>
            <full-stacktrace>
              <![CDATA[org.openqa.selenium.NoSuchWindowException: no such window: target window already closed
from unknown error: web view not found
  (Session info: chrome=81.0.4044.122)
  (Driver info: chromedriver=2.40.565498 (ea082db3280dd6843ebfb08a625e3eb905c4f5ab),platform=Windows NT 10.0.17134 x86_64) (WARNING: The server did not provide any stacktrace information)
Command duration or timeout: 0 milliseconds
Build info: version: '3.141.59', revision: 'e82be7d358', time: '2018-11-14T08:17:03'
System info: host: 'DESKTOP-3NQPI56', ip: '192.168.1.5', os.name: 'Windows 10', os.arch: 'amd64', os.version: '10.0', java.version: '1.8.0_161'
Driver info: org.openqa.selenium.chrome.ChromeDriver
Capabilities {acceptInsecureCerts: false, acceptSslCerts: false, applicationCacheEnabled: false, browserConnectionEnabled: false, browserName: chrome, chrome: {chromedriverVersion: 2.40.565498 (ea082db3280dd6..., userDataDir: C:\Users\NITISH~1\AppData\L...}, cssSelectorsEnabled: true, databaseEnabled: false, handlesAlerts: true, hasTouchScreen: false, javascriptEnabled: true, locationContextEnabled: true, mobileEmulationEnabled: false, nativeEvents: true, networkConnectionEnabled: false, pageLoadStrategy: normal, platform: XP, platformName: XP, rotatable: false, setWindowRect: true, takesHeapSnapshot: true, takesScreenshot: true, unexpectedAlertBehaviour: , unhandledPromptBehavior: , version: 81.0.4044.122, webStorageEnabled: true}
Session ID: 5e08996e8c518926bf585ac2dac64332
	at sun.reflect.NativeConstructorAccessorImpl.newInstance0(Native Method)
	at sun.reflect.NativeConstructorAccessorImpl.newInstance(Unknown Source)
	at sun.reflect.DelegatingConstructorAccessorImpl.newInstance(Unknown Source)
	at java.lang.reflect.Constructor.newInstance(Unknown Source)
	at org.openqa.selenium.remote.ErrorHandler.createThrowable(ErrorHandler.java:214)
	at org.openqa.selenium.remote.ErrorHandler.throwIfResponseFailed(ErrorHandler.java:166)
	at org.openqa.selenium.remote.http.JsonHttpResponseCodec.reconstructValue(JsonHttpResponseCodec.java:40)
	at org.openqa.selenium.remote.http.AbstractHttpResponseCodec.decode(AbstractHttpResponseCodec.java:80)
	at org.openqa.selenium.remote.http.AbstractHttpResponseCodec.decode(AbstractHttpResponseCodec.java:44)
	at org.openqa.selenium.remote.HttpCommandExecutor.execute(HttpCommandExecutor.java:158)
	at org.openqa.selenium.remote.service.DriverCommandExecutor.execute(DriverCommandExecutor.java:83)
	at org.openqa.selenium.remote.RemoteWebDriver.execute(RemoteWebDriver.java:552)
	at org.openqa.selenium.remote.RemoteWebDriver.get(RemoteWebDriver.java:277)
	at com.myshopify.webfactory.TestSessionInitiator.launchApplication(TestSessionInitiator.java:87)
	at com.myshopify.tests.BaseTest.beforeMethod(BaseTest.java:32)
	at sun.reflect.NativeMethodAccessorImpl.invoke0(Native Method)
	at sun.reflect.NativeMethodAccessorImpl.invoke(Unknown Source)
	at sun.reflect.DelegatingMethodAccessorImpl.invoke(Unknown Source)
	at java.lang.reflect.Method.invoke(Unknown Source)
	at org.testng.internal.MethodInvocationHelper.invokeMethod(MethodInvocationHelper.java:86)
	at org.testng.internal.Invoker.invokeConfigurationMethod(Invoker.java:514)
	at org.testng.internal.Invoker.invokeConfigurations(Invoker.java:215)
	at org.testng.internal.Invoker.invokeConfigurations(Invoker.java:142)
	at org.testng.internal.TestMethodWorker.invokeBeforeClassMethods(TestMethodWorker.java:178)
	at org.testng.internal.TestMethodWorker.run(TestMethodWorker.java:108)
	at org.testng.TestRunner.privateRun(TestRunner.java:782)
	at org.testng.TestRunner.run(TestRunner.java:632)
	at org.testng.SuiteRunner.runTest(SuiteRunner.java:366)
	at org.testng.SuiteRunner.access$000(SuiteRunner.java:39)
	at org.testng.SuiteRunner$SuiteWorker.run(SuiteRunner.java:400)
	at org.testng.internal.thread.ThreadUtil$2.call(ThreadUtil.java:64)
	at java.util.concurrent.FutureTask.run(Unknown Source)
	at java.util.concurrent.ThreadPoolExecutor.runWorker(Unknown Source)
	at java.util.concurrent.ThreadPoolExecutor$Worker.run(Unknown Source)
	at java.lang.Thread.run(Unknown Source)
]]>
            </full-stacktrace>
          </exception> <!-- org.openqa.selenium.NoSuchWindowException -->
          <reporter-output>
            <line>
              <![CDATA[chrome]]>
            </line>
            <line>
              <![CDATA[The application url is :- https://ecom-optimus.myshopify.com/]]>
            </line>
            <line>
              <![CDATA[The test browser is :- chrome]]>
            </line>
          </reporter-output>
        </test-method> <!-- beforeMethod -->
        <test-method status="SKIP" signature="init()[pri:0, instance:com.myshopify.tests.TC002_AddQuanityAndVerifyPrice@4b952a2d]" name="init" is-config="true" duration-ms="0" started-at="2020-04-28T11:38:03Z" finished-at="2020-04-28T11:38:03Z">
          <reporter-output>
          </reporter-output>
        </test-method> <!-- init -->
        <test-method status="SKIP" signature="TestStep01_UserSubmitLoginDetails()[pri:0, instance:com.myshopify.tests.TC002_AddQuanityAndVerifyPrice@4b952a2d]" name="TestStep01_UserSubmitLoginDetails" duration-ms="1" started-at="2020-04-28T11:38:03Z" finished-at="2020-04-28T11:38:03Z">
          <reporter-output>
          </reporter-output>
        </test-method> <!-- TestStep01_UserSubmitLoginDetails -->
        <test-method status="SKIP" signature="TestStep02_UserSearchTheProduct()[pri:0, instance:com.myshopify.tests.TC002_AddQuanityAndVerifyPrice@4b952a2d]" name="TestStep02_UserSearchTheProduct" duration-ms="1" started-at="2020-04-28T11:38:03Z" finished-at="2020-04-28T11:38:03Z">
          <reporter-output>
          </reporter-output>
        </test-method> <!-- TestStep02_UserSearchTheProduct -->
        <test-method status="SKIP" signature="TestStep03_UserAddedTheProduct()[pri:0, instance:com.myshopify.tests.TC002_AddQuanityAndVerifyPrice@4b952a2d]" name="TestStep03_UserAddedTheProduct" duration-ms="1" started-at="2020-04-28T11:38:03Z" finished-at="2020-04-28T11:38:03Z">
          <reporter-output>
          </reporter-output>
        </test-method> <!-- TestStep03_UserAddedTheProduct -->
        <test-method status="SKIP" signature="TestStep04_VerifyProductIsAddedIntoCart()[pri:0, instance:com.myshopify.tests.TC002_AddQuanityAndVerifyPrice@4b952a2d]" name="TestStep04_VerifyProductIsAddedIntoCart" duration-ms="1" started-at="2020-04-28T11:38:03Z" finished-at="2020-04-28T11:38:03Z">
          <reporter-output>
          </reporter-output>
        </test-method> <!-- TestStep04_VerifyProductIsAddedIntoCart -->
        <test-method status="SKIP" signature="TestStep05_IncreaseQuantityOfSameProduct()[pri:0, instance:com.myshopify.tests.TC002_AddQuanityAndVerifyPrice@4b952a2d]" name="TestStep05_IncreaseQuantityOfSameProduct" duration-ms="1" started-at="2020-04-28T11:38:03Z" finished-at="2020-04-28T11:38:03Z">
          <reporter-output>
          </reporter-output>
        </test-method> <!-- TestStep05_IncreaseQuantityOfSameProduct -->
        <test-method status="PASS" signature="close_Test_Session()[pri:0, instance:com.myshopify.tests.TC002_AddQuanityAndVerifyPrice@4b952a2d]" name="close_Test_Session" is-config="true" duration-ms="0" started-at="2020-04-28T11:38:03Z" finished-at="2020-04-28T11:38:03Z">
          <reporter-output>
          </reporter-output>
        </test-method> <!-- close_Test_Session -->
      </class> <!-- com.myshopify.tests.TC002_AddQuanityAndVerifyPrice -->
    </test> <!-- Add quantity and verify price -->
    <test name="Add product with multiple sizes " duration-ms="17970" started-at="2020-04-28T06:07:45Z" finished-at="2020-04-28T06:08:03Z">
      <class name="com.myshopify.tests.TC004_AddProductsWithMultipleSizes">
        <test-method status="FAIL" signature="beforeMethod()[pri:0, instance:com.myshopify.tests.TC004_AddProductsWithMultipleSizes@10bdf5e5]" name="beforeMethod" is-config="true" duration-ms="0" started-at="2020-04-28T11:37:45Z" finished-at="2020-04-28T11:37:45Z">
          <exception class="org.openqa.selenium.NoSuchWindowException">
            <message>
              <![CDATA[no such window: target window already closed
from unknown error: web view not found
  (Session info: chrome=81.0.4044.122)
  (Driver info: chromedriver=2.40.565498 (ea082db3280dd6843ebfb08a625e3eb905c4f5ab),platform=Windows NT 10.0.17134 x86_64) (WARNING: The server did not provide any stacktrace information)
Command duration or timeout: 0 milliseconds
Build info: version: '3.141.59', revision: 'e82be7d358', time: '2018-11-14T08:17:03'
System info: host: 'DESKTOP-3NQPI56', ip: '192.168.1.5', os.name: 'Windows 10', os.arch: 'amd64', os.version: '10.0', java.version: '1.8.0_161'
Driver info: org.openqa.selenium.chrome.ChromeDriver
Capabilities {acceptInsecureCerts: false, acceptSslCerts: false, applicationCacheEnabled: false, browserConnectionEnabled: false, browserName: chrome, chrome: {chromedriverVersion: 2.40.565498 (ea082db3280dd6..., userDataDir: C:\Users\NITISH~1\AppData\L...}, cssSelectorsEnabled: true, databaseEnabled: false, handlesAlerts: true, hasTouchScreen: false, javascriptEnabled: true, locationContextEnabled: true, mobileEmulationEnabled: false, nativeEvents: true, networkConnectionEnabled: false, pageLoadStrategy: normal, platform: XP, platformName: XP, rotatable: false, setWindowRect: true, takesHeapSnapshot: true, takesScreenshot: true, unexpectedAlertBehaviour: , unhandledPromptBehavior: , version: 81.0.4044.122, webStorageEnabled: true}
Session ID: 5870a60518b09d4cf4b4b612915dd825]]>
            </message>
            <full-stacktrace>
              <![CDATA[org.openqa.selenium.NoSuchWindowException: no such window: target window already closed
from unknown error: web view not found
  (Session info: chrome=81.0.4044.122)
  (Driver info: chromedriver=2.40.565498 (ea082db3280dd6843ebfb08a625e3eb905c4f5ab),platform=Windows NT 10.0.17134 x86_64) (WARNING: The server did not provide any stacktrace information)
Command duration or timeout: 0 milliseconds
Build info: version: '3.141.59', revision: 'e82be7d358', time: '2018-11-14T08:17:03'
System info: host: 'DESKTOP-3NQPI56', ip: '192.168.1.5', os.name: 'Windows 10', os.arch: 'amd64', os.version: '10.0', java.version: '1.8.0_161'
Driver info: org.openqa.selenium.chrome.ChromeDriver
Capabilities {acceptInsecureCerts: false, acceptSslCerts: false, applicationCacheEnabled: false, browserConnectionEnabled: false, browserName: chrome, chrome: {chromedriverVersion: 2.40.565498 (ea082db3280dd6..., userDataDir: C:\Users\NITISH~1\AppData\L...}, cssSelectorsEnabled: true, databaseEnabled: false, handlesAlerts: true, hasTouchScreen: false, javascriptEnabled: true, locationContextEnabled: true, mobileEmulationEnabled: false, nativeEvents: true, networkConnectionEnabled: false, pageLoadStrategy: normal, platform: XP, platformName: XP, rotatable: false, setWindowRect: true, takesHeapSnapshot: true, takesScreenshot: true, unexpectedAlertBehaviour: , unhandledPromptBehavior: , version: 81.0.4044.122, webStorageEnabled: true}
Session ID: 5870a60518b09d4cf4b4b612915dd825
	at sun.reflect.NativeConstructorAccessorImpl.newInstance0(Native Method)
	at sun.reflect.NativeConstructorAccessorImpl.newInstance(Unknown Source)
	at sun.reflect.DelegatingConstructorAccessorImpl.newInstance(Unknown Source)
	at java.lang.reflect.Constructor.newInstance(Unknown Source)
	at org.openqa.selenium.remote.ErrorHandler.createThrowable(ErrorHandler.java:214)
	at org.openqa.selenium.remote.ErrorHandler.throwIfResponseFailed(ErrorHandler.java:166)
	at org.openqa.selenium.remote.http.JsonHttpResponseCodec.reconstructValue(JsonHttpResponseCodec.java:40)
	at org.openqa.selenium.remote.http.AbstractHttpResponseCodec.decode(AbstractHttpResponseCodec.java:80)
	at org.openqa.selenium.remote.http.AbstractHttpResponseCodec.decode(AbstractHttpResponseCodec.java:44)
	at org.openqa.selenium.remote.HttpCommandExecutor.execute(HttpCommandExecutor.java:158)
	at org.openqa.selenium.remote.service.DriverCommandExecutor.execute(DriverCommandExecutor.java:83)
	at org.openqa.selenium.remote.RemoteWebDriver.execute(RemoteWebDriver.java:552)
	at org.openqa.selenium.remote.RemoteWebDriver.get(RemoteWebDriver.java:277)
	at com.myshopify.webfactory.TestSessionInitiator.launchApplication(TestSessionInitiator.java:87)
	at com.myshopify.tests.BaseTest.beforeMethod(BaseTest.java:32)
	at sun.reflect.NativeMethodAccessorImpl.invoke0(Native Method)
	at sun.reflect.NativeMethodAccessorImpl.invoke(Unknown Source)
	at sun.reflect.DelegatingMethodAccessorImpl.invoke(Unknown Source)
	at java.lang.reflect.Method.invoke(Unknown Source)
	at org.testng.internal.MethodInvocationHelper.invokeMethod(MethodInvocationHelper.java:86)
	at org.testng.internal.Invoker.invokeConfigurationMethod(Invoker.java:514)
	at org.testng.internal.Invoker.invokeConfigurations(Invoker.java:215)
	at org.testng.internal.Invoker.invokeConfigurations(Invoker.java:142)
	at org.testng.internal.TestMethodWorker.invokeBeforeClassMethods(TestMethodWorker.java:178)
	at org.testng.internal.TestMethodWorker.run(TestMethodWorker.java:108)
	at org.testng.TestRunner.privateRun(TestRunner.java:782)
	at org.testng.TestRunner.run(TestRunner.java:632)
	at org.testng.SuiteRunner.runTest(SuiteRunner.java:366)
	at org.testng.SuiteRunner.access$000(SuiteRunner.java:39)
	at org.testng.SuiteRunner$SuiteWorker.run(SuiteRunner.java:400)
	at org.testng.internal.thread.ThreadUtil$2.call(ThreadUtil.java:64)
	at java.util.concurrent.FutureTask.run(Unknown Source)
	at java.util.concurrent.ThreadPoolExecutor.runWorker(Unknown Source)
	at java.util.concurrent.ThreadPoolExecutor$Worker.run(Unknown Source)
	at java.lang.Thread.run(Unknown Source)
]]>
            </full-stacktrace>
          </exception> <!-- org.openqa.selenium.NoSuchWindowException -->
          <reporter-output>
            <line>
              <![CDATA[chrome]]>
            </line>
            <line>
              <![CDATA[The application url is :- https://ecom-optimus.myshopify.com/]]>
            </line>
            <line>
              <![CDATA[The test browser is :- chrome]]>
            </line>
          </reporter-output>
        </test-method> <!-- beforeMethod -->
        <test-method status="SKIP" signature="init()[pri:0, instance:com.myshopify.tests.TC004_AddProductsWithMultipleSizes@10bdf5e5]" name="init" is-config="true" duration-ms="0" started-at="2020-04-28T11:38:03Z" finished-at="2020-04-28T11:38:03Z">
          <reporter-output>
          </reporter-output>
        </test-method> <!-- init -->
        <test-method status="SKIP" signature="TestStep01_UserSubmitLoginDetails()[pri:0, instance:com.myshopify.tests.TC004_AddProductsWithMultipleSizes@10bdf5e5]" name="TestStep01_UserSubmitLoginDetails" duration-ms="6" started-at="2020-04-28T11:38:03Z" finished-at="2020-04-28T11:38:03Z">
          <reporter-output>
          </reporter-output>
        </test-method> <!-- TestStep01_UserSubmitLoginDetails -->
        <test-method status="SKIP" signature="TestStep02_UserSearchTheProduct()[pri:0, instance:com.myshopify.tests.TC004_AddProductsWithMultipleSizes@10bdf5e5]" name="TestStep02_UserSearchTheProduct" duration-ms="1" started-at="2020-04-28T11:38:03Z" finished-at="2020-04-28T11:38:03Z">
          <reporter-output>
          </reporter-output>
        </test-method> <!-- TestStep02_UserSearchTheProduct -->
        <test-method status="SKIP" signature="TestStep03_UserAddedTheProductWithMultipleSize()[pri:0, instance:com.myshopify.tests.TC004_AddProductsWithMultipleSizes@10bdf5e5]" name="TestStep03_UserAddedTheProductWithMultipleSize" duration-ms="1" started-at="2020-04-28T11:38:03Z" finished-at="2020-04-28T11:38:03Z">
          <reporter-output>
          </reporter-output>
        </test-method> <!-- TestStep03_UserAddedTheProductWithMultipleSize -->
        <test-method status="SKIP" signature="TestStep04_VerifyProductIsAddedIntoCart()[pri:0, instance:com.myshopify.tests.TC004_AddProductsWithMultipleSizes@10bdf5e5]" name="TestStep04_VerifyProductIsAddedIntoCart" duration-ms="2" started-at="2020-04-28T11:38:03Z" finished-at="2020-04-28T11:38:03Z">
          <reporter-output>
          </reporter-output>
        </test-method> <!-- TestStep04_VerifyProductIsAddedIntoCart -->
        <test-method status="PASS" signature="close_Test_Session()[pri:0, instance:com.myshopify.tests.TC004_AddProductsWithMultipleSizes@10bdf5e5]" name="close_Test_Session" is-config="true" duration-ms="1" started-at="2020-04-28T11:38:03Z" finished-at="2020-04-28T11:38:03Z">
          <reporter-output>
          </reporter-output>
        </test-method> <!-- close_Test_Session -->
      </class> <!-- com.myshopify.tests.TC004_AddProductsWithMultipleSizes -->
    </test> <!-- Add product with multiple sizes  -->
  </suite> <!-- Test Set -->
</testng-results>
